<?xml version="1.0" encoding="UTF-8"?>
<!-- Generated by org.testng.reporters.JUnitReportReporter -->
<testsuite skipped="0" hostname="Amol-PC" name="com.crm.qa.testcases.ContactsPageTest" tests="1" failures="0" timestamp="01 Jun 2019 18:08:19 GMT" time="20.658" errors="0">
  <testcase name="verifyContactPageLable" time="20.658" classname="com.crm.qa.testcases.ContactsPageTest"/>
</testsuite> <!-- com.crm.qa.testcases.ContactsPageTest -->
