<?xml version="1.0" encoding="UTF-8"?>
<!-- Generated by org.testng.reporters.JUnitReportReporter -->
<testsuite skipped="0" hostname="Amol-PC" name="com.crm.qa.testcases.HomePageTest" tests="1" failures="0" timestamp="01 Jun 2019 18:08:19 GMT" time="22.724" errors="0">
  <testcase name="verifyHomePageTitleTest" time="22.724" classname="com.crm.qa.testcases.HomePageTest"/>
</testsuite> <!-- com.crm.qa.testcases.HomePageTest -->
