<?xml version="1.0" encoding="UTF-8"?>
<!-- Generated by org.testng.reporters.JUnitReportReporter -->
<testsuite skipped="0" hostname="Amol-PC" name="com.crm.qa.testcases.LoginPageTest" tests="3" failures="0" timestamp="30 May 2019 08:37:06 GMT" time="49.197" errors="0">
  <testcase name="loginPageTitleTest" time="10.081" classname="com.crm.qa.testcases.LoginPageTest"/>
  <testcase name="verifyLoginLogoTest" time="10.917" classname="com.crm.qa.testcases.LoginPageTest"/>
  <testcase name="loginTest" time="28.199" classname="com.crm.qa.testcases.LoginPageTest"/>
</testsuite> <!-- com.crm.qa.testcases.LoginPageTest -->
