<?xml version="1.0" encoding="UTF-8"?>
<!-- Generated by org.testng.reporters.JUnitReportReporter -->
<testsuite skipped="0" hostname="Amol-PC" name="com.crm.qa.testcases.HomePageTest" tests="4" failures="0" timestamp="31 May 2019 18:32:52 GMT" time="94.664" errors="0">
  <testcase name="verifyHomePageTitleTest" time="26.479" classname="com.crm.qa.testcases.HomePageTest"/>
  <testcase name="verifyUsernameTest" time="21.709" classname="com.crm.qa.testcases.HomePageTest"/>
  <testcase name="verifyContactLink" time="24.442" classname="com.crm.qa.testcases.HomePageTest"/>
  <testcase name="successfulTest" time="22.034" classname="com.crm.qa.testcases.HomePageTest"/>
</testsuite> <!-- com.crm.qa.testcases.HomePageTest -->
