<?xml version="1.0" encoding="UTF-8"?>
<!-- Generated by org.testng.reporters.JUnitReportReporter -->
<testsuite skipped="0" hostname="Amol-PC" name="com.crm.qa.testcases.LoginPageTest" tests="3" failures="0" timestamp="21 May 2019 17:26:00 GMT" time="45.366" errors="0">
  <testcase name="loginPageTitleTest" time="12.302" classname="com.crm.qa.testcases.LoginPageTest"/>
  <testcase name="verifyLoginLogoTest" time="10.614" classname="com.crm.qa.testcases.LoginPageTest"/>
  <testcase name="loginTest" time="22.450" classname="com.crm.qa.testcases.LoginPageTest"/>
</testsuite> <!-- com.crm.qa.testcases.LoginPageTest -->
